2023-03-02 13:56:00,424 WARN org.springframework.boot.autoconfigure.orm.jpa.JpaBaseConfiguration$JpaWebConfiguration [main] spring.jpa.open-in-view is enabled by default. Therefore, database queries may be performed during view rendering. Explicitly configure spring.jpa.open-in-view to disable this warning
2023-03-02 13:56:00,891 INFO org.springframework.boot.StartupInfoLogger [main] Started PersonajeServiceImpTest in 3.411 seconds (JVM running for 4.317)
2023-03-02 13:56:01,009 INFO org.springframework.orm.jpa.AbstractEntityManagerFactoryBean [SpringApplicationShutdownHook] Closing JPA EntityManagerFactory for persistence unit 'default'
2023-03-02 13:56:01,011 INFO com.zaxxer.hikari.HikariDataSource [SpringApplicationShutdownHook] HikariPool-1 - Shutdown initiated...
2023-03-02 13:56:01,013 INFO com.zaxxer.hikari.HikariDataSource [SpringApplicationShutdownHook] HikariPool-1 - Shutdown completed.
2023-03-02 13:56:12,453 INFO org.springframework.test.context.support.AbstractTestContextBootstrapper [main] Neither @ContextConfiguration nor @ContextHierarchy found for test class [com.besysoft.bootcampspringboot.services.implementations.PersonajeServiceImpTest], using SpringBootContextLoader
2023-03-02 13:56:12,460 INFO org.springframework.test.context.support.AbstractContextLoader [main] Could not detect default resource locations for test class [com.besysoft.bootcampspringboot.services.implementations.PersonajeServiceImpTest]: no resource found for suffixes {-context.xml, Context.groovy}.
2023-03-02 13:56:12,460 INFO org.springframework.test.context.support.AnnotationConfigContextLoaderUtils [main] Could not detect default configuration classes for test class [com.besysoft.bootcampspringboot.services.implementations.PersonajeServiceImpTest]: PersonajeServiceImpTest does not declare any static, non-private, non-final, nested classes annotated with @Configuration.
2023-03-02 13:56:12,575 INFO org.springframework.boot.test.context.SpringBootTestContextBootstrapper [main] Found @SpringBootConfiguration com.besysoft.bootcampspringboot.BootcampSpringBootApplication for test class com.besysoft.bootcampspringboot.services.implementations.PersonajeServiceImpTest
2023-03-02 13:56:12,651 INFO org.springframework.test.context.support.AbstractTestContextBootstrapper [main] Loaded default TestExecutionListener class names from location [META-INF/spring.factories]: [org.springframework.boot.test.mock.mockito.MockitoTestExecutionListener, org.springframework.boot.test.mock.mockito.ResetMocksTestExecutionListener, org.springframework.boot.test.autoconfigure.restdocs.RestDocsTestExecutionListener, org.springframework.boot.test.autoconfigure.web.client.MockRestServiceServerResetTestExecutionListener, org.springframework.boot.test.autoconfigure.web.servlet.MockMvcPrintOnlyOnFailureTestExecutionListener, org.springframework.boot.test.autoconfigure.web.servlet.WebDriverTestExecutionListener, org.springframework.boot.test.autoconfigure.webservices.client.MockWebServiceServerTestExecutionListener, org.springframework.test.context.web.ServletTestExecutionListener, org.springframework.test.context.support.DirtiesContextBeforeModesTestExecutionListener, org.springframework.test.context.event.ApplicationEventsTestExecutionListener, org.springframework.test.context.support.DependencyInjectionTestExecutionListener, org.springframework.test.context.support.DirtiesContextTestExecutionListener, org.springframework.test.context.transaction.TransactionalTestExecutionListener, org.springframework.test.context.jdbc.SqlScriptsTestExecutionListener, org.springframework.test.context.event.EventPublishingTestExecutionListener]
2023-03-02 13:56:12,663 INFO org.springframework.test.context.support.AbstractTestContextBootstrapper [main] Using TestExecutionListeners: [org.springframework.test.context.web.ServletTestExecutionListener@333dd51e, org.springframework.test.context.support.DirtiesContextBeforeModesTestExecutionListener@52d645b1, org.springframework.test.context.event.ApplicationEventsTestExecutionListener@2101b44a, org.springframework.boot.test.mock.mockito.MockitoTestExecutionListener@2cc3ad05, org.springframework.boot.test.autoconfigure.SpringBootDependencyInjectionTestExecutionListener@710b18a6, org.springframework.test.context.support.DirtiesContextTestExecutionListener@119020fb, org.springframework.test.context.transaction.TransactionalTestExecutionListener@3d9f6567, org.springframework.test.context.jdbc.SqlScriptsTestExecutionListener@c055c54, org.springframework.test.context.event.EventPublishingTestExecutionListener@25e2ab5a, org.springframework.boot.test.mock.mockito.ResetMocksTestExecutionListener@35e5d0e5, org.springframework.boot.test.autoconfigure.restdocs.RestDocsTestExecutionListener@73173f63, org.springframework.boot.test.autoconfigure.web.client.MockRestServiceServerResetTestExecutionListener@55562aa9, org.springframework.boot.test.autoconfigure.web.servlet.MockMvcPrintOnlyOnFailureTestExecutionListener@655ef322, org.springframework.boot.test.autoconfigure.web.servlet.WebDriverTestExecutionListener@7e276594, org.springframework.boot.test.autoconfigure.webservices.client.MockWebServiceServerTestExecutionListener@3401a114]
2023-03-02 13:56:12,881 INFO org.springframework.boot.StartupInfoLogger [main] Starting PersonajeServiceImpTest using Java 18.0.1.1 on DESKTOP-ANCEPNC with PID 5740 (started by Administrador in C:\Users\Administrador\Desktop\bootcamp-spring-boot)
2023-03-02 13:56:12,883 INFO org.springframework.boot.SpringApplication [main] No active profile set, falling back to 1 default profile: "default"
2023-03-02 13:56:12,893 INFO org.hibernate.validator.internal.util.Version [background-preinit] HV000001: Hibernate Validator 6.2.5.Final
2023-03-02 13:56:13,432 INFO org.springframework.data.repository.config.RepositoryConfigurationDelegate [main] Bootstrapping Spring Data JPA repositories in DEFAULT mode.
2023-03-02 13:56:13,486 INFO org.springframework.data.repository.config.RepositoryConfigurationDelegate [main] Finished Spring Data repository scanning in 47 ms. Found 3 JPA repository interfaces.
2023-03-02 13:56:14,288 INFO org.hibernate.jpa.internal.util.LogHelper [main] HHH000204: Processing PersistenceUnitInfo [name: default]
2023-03-02 13:56:14,341 INFO org.hibernate.Version [main] HHH000412: Hibernate ORM core version 5.6.14.Final
2023-03-02 13:56:14,378 INFO org.hibernate.annotations.common.reflection.java.JavaReflectionManager [main] HCANN000001: Hibernate Commons Annotations {5.1.2.Final}
2023-03-02 13:56:14,508 INFO com.zaxxer.hikari.HikariDataSource [main] HikariPool-1 - Starting...
2023-03-02 13:56:14,641 INFO com.zaxxer.hikari.HikariDataSource [main] HikariPool-1 - Start completed.
2023-03-02 13:56:14,654 INFO org.hibernate.dialect.Dialect [main] HHH000400: Using dialect: org.hibernate.dialect.H2Dialect
2023-03-02 13:56:15,099 INFO org.hibernate.engine.transaction.jta.platform.internal.JtaPlatformInitiator [main] HHH000490: Using JtaPlatform implementation: [org.hibernate.engine.transaction.jta.platform.internal.NoJtaPlatform]
2023-03-02 13:56:15,105 INFO org.springframework.orm.jpa.AbstractEntityManagerFactoryBean [main] Initialized JPA EntityManagerFactory for persistence unit 'default'
2023-03-02 13:56:15,753 WARN org.springframework.boot.autoconfigure.orm.jpa.JpaBaseConfiguration$JpaWebConfiguration [main] spring.jpa.open-in-view is enabled by default. Therefore, database queries may be performed during view rendering. Explicitly configure spring.jpa.open-in-view to disable this warning
2023-03-02 13:56:16,224 INFO org.springframework.boot.StartupInfoLogger [main] Started PersonajeServiceImpTest in 3.529 seconds (JVM running for 4.462)
2023-03-02 13:56:16,342 INFO org.springframework.orm.jpa.AbstractEntityManagerFactoryBean [SpringApplicationShutdownHook] Closing JPA EntityManagerFactory for persistence unit 'default'
2023-03-02 13:56:16,345 INFO com.zaxxer.hikari.HikariDataSource [SpringApplicationShutdownHook] HikariPool-1 - Shutdown initiated...
2023-03-02 13:56:16,347 INFO com.zaxxer.hikari.HikariDataSource [SpringApplicationShutdownHook] HikariPool-1 - Shutdown completed.
