2023-03-02 09:55:13,549 INFO org.springframework.orm.jpa.AbstractEntityManagerFactoryBean [SpringApplicationShutdownHook] Closing JPA EntityManagerFactory for persistence unit 'default'
2023-03-02 09:55:13,564 INFO com.zaxxer.hikari.HikariDataSource [SpringApplicationShutdownHook] HikariPool-1 - Shutdown initiated...
2023-03-02 09:55:13,568 INFO com.zaxxer.hikari.HikariDataSource [SpringApplicationShutdownHook] HikariPool-1 - Shutdown completed.
2023-03-02 09:55:19,043 INFO org.hibernate.validator.internal.util.Version [background-preinit] HV000001: Hibernate Validator 6.2.5.Final
2023-03-02 09:55:19,052 INFO org.springframework.boot.StartupInfoLogger [main] Starting BootcampSpringBootApplication using Java 18.0.1.1 on DESKTOP-ANCEPNC with PID 13772 (C:\Users\Administrador\Desktop\bootcamp-spring-boot\target\classes started by Administrador in C:\Users\Administrador\Desktop\bootcamp-spring-boot)
2023-03-02 09:55:19,055 INFO org.springframework.boot.SpringApplication [main] No active profile set, falling back to 1 default profile: "default"
2023-03-02 09:55:19,660 INFO org.springframework.data.repository.config.RepositoryConfigurationDelegate [main] Bootstrapping Spring Data JPA repositories in DEFAULT mode.
2023-03-02 09:55:19,729 INFO org.springframework.data.repository.config.RepositoryConfigurationDelegate [main] Finished Spring Data repository scanning in 58 ms. Found 3 JPA repository interfaces.
2023-03-02 09:55:20,192 INFO org.springframework.boot.web.embedded.tomcat.TomcatWebServer [main] Tomcat initialized with port(s): 8080 (http)
2023-03-02 09:55:20,200 INFO org.apache.juli.logging.DirectJDKLog [main] Initializing ProtocolHandler ["http-nio-8080"]
2023-03-02 09:55:20,201 INFO org.apache.juli.logging.DirectJDKLog [main] Starting service [Tomcat]
2023-03-02 09:55:20,201 INFO org.apache.juli.logging.DirectJDKLog [main] Starting Servlet engine: [Apache Tomcat/9.0.70]
2023-03-02 09:55:20,325 INFO org.apache.juli.logging.DirectJDKLog [main] Initializing Spring embedded WebApplicationContext
2023-03-02 09:55:20,325 INFO org.springframework.boot.web.servlet.context.ServletWebServerApplicationContext [main] Root WebApplicationContext: initialization completed in 1209 ms
2023-03-02 09:55:20,350 INFO com.zaxxer.hikari.HikariDataSource [main] HikariPool-1 - Starting...
2023-03-02 09:55:20,517 INFO com.zaxxer.hikari.HikariDataSource [main] HikariPool-1 - Start completed.
2023-03-02 09:55:20,527 INFO org.springframework.boot.autoconfigure.h2.H2ConsoleAutoConfiguration [main] H2 console available at '/h2-console'. Database available at 'jdbc:h2:mem:testDb'
2023-03-02 09:55:20,631 INFO org.hibernate.jpa.internal.util.LogHelper [main] HHH000204: Processing PersistenceUnitInfo [name: default]
2023-03-02 09:55:20,674 INFO org.hibernate.Version [main] HHH000412: Hibernate ORM core version 5.6.14.Final
2023-03-02 09:55:20,801 INFO org.hibernate.annotations.common.reflection.java.JavaReflectionManager [main] HCANN000001: Hibernate Commons Annotations {5.1.2.Final}
2023-03-02 09:55:20,884 INFO org.hibernate.dialect.Dialect [main] HHH000400: Using dialect: org.hibernate.dialect.H2Dialect
2023-03-02 09:55:21,548 INFO org.hibernate.engine.transaction.jta.platform.internal.JtaPlatformInitiator [main] HHH000490: Using JtaPlatform implementation: [org.hibernate.engine.transaction.jta.platform.internal.NoJtaPlatform]
2023-03-02 09:55:21,561 INFO org.springframework.orm.jpa.AbstractEntityManagerFactoryBean [main] Initialized JPA EntityManagerFactory for persistence unit 'default'
2023-03-02 09:55:22,053 WARN org.springframework.boot.autoconfigure.orm.jpa.JpaBaseConfiguration$JpaWebConfiguration [main] spring.jpa.open-in-view is enabled by default. Therefore, database queries may be performed during view rendering. Explicitly configure spring.jpa.open-in-view to disable this warning
2023-03-02 09:55:22,332 INFO org.apache.juli.logging.DirectJDKLog [main] Starting ProtocolHandler ["http-nio-8080"]
2023-03-02 09:55:22,353 INFO org.springframework.boot.web.embedded.tomcat.TomcatWebServer [main] Tomcat started on port(s): 8080 (http) with context path ''
2023-03-02 09:55:22,365 INFO org.springframework.boot.StartupInfoLogger [main] Started BootcampSpringBootApplication in 3.711 seconds (JVM running for 4.34)
2023-03-02 09:55:23,574 INFO org.apache.juli.logging.DirectJDKLog [http-nio-8080-exec-3] Initializing Spring DispatcherServlet 'dispatcherServlet'
2023-03-02 09:55:23,575 INFO org.springframework.web.servlet.FrameworkServlet [http-nio-8080-exec-3] Initializing Servlet 'dispatcherServlet'
2023-03-02 09:55:23,576 INFO org.springframework.web.servlet.FrameworkServlet [http-nio-8080-exec-3] Completed initialization in 1 ms
